PandaChannel/app/build/outputs/logs/manifest-merger-debug-report.txt
-- Merging decision tree log ---
manifest
ADDED from src\main\AndroidManifest.xml:2:1-39:12
	package
		ADDED from src\main\AndroidManifest.xml:3:5-45
		INJECTED from src\main\AndroidManifest.xml
		INJECTED from src\main\AndroidManifest.xml
	android:versionName
		INJECTED from src\main\AndroidManifest.xml
		INJECTED from src\main\AndroidManifest.xml
	xmlns:android
		ADDED from src\main\AndroidManifest.xml:2:11-69
	android:versionCode
		INJECTED from src\main\AndroidManifest.xml
		INJECTED from src\main\AndroidManifest.xml
uses-permission#android.permission.INTERNET
ADDED from src\main\AndroidManifest.xml:5:5-67
	android:name
		ADDED from src\main\AndroidManifest.xml:5:22-64
application
ADDED from src\main\AndroidManifest.xml:7:5-37:19
MERGED from [com.chanven.lib:cptr:1.1.0] AndroidManifest.xml:11:5-14:19
MERGED from [com.jwenfeng.pulltorefresh:library:1.0.3] AndroidManifest.xml:11:5-15:19
MERGED from [com.jcodecraeer:xrecyclerview:1.3.2] AndroidManifest.xml:11:5-20
MERGED from [com.android.support:design:23.4.0] AndroidManifest.xml:22:5-20
MERGED from [fm.jiecao:jiecaovideoplayer:2.0] AndroidManifest.xml:11:5-19:19
MERGED from [com.android.support:appcompat-v7:25.0.1] AndroidManifest.xml:25:5-20
MERGED from [com.android.support:support-v4:25.0.1] AndroidManifest.xml:25:5-20
MERGED from [com.android.support:support-fragment:25.0.1] AndroidManifest.xml:25:5-20
MERGED from [com.android.support:support-media-compat:25.0.1] AndroidManifest.xml:25:5-20
MERGED from [com.android.support:support-core-ui:25.0.1] AndroidManifest.xml:25:5-20
MERGED from [com.android.support:support-core-utils:25.0.1] AndroidManifest.xml:25:5-20
MERGED from [com.android.support:animated-vector-drawable:25.0.1] AndroidManifest.xml:22:5-20
MERGED from [com.android.support:support-vector-drawable:25.0.1] AndroidManifest.xml:23:5-20
MERGED from [com.android.support:support-compat:25.0.1] AndroidManifest.xml:25:5-20
	android:label
		ADDED from src\main\AndroidManifest.xml:11:9-41
	android:supportsRtl
		ADDED from src\main\AndroidManifest.xml:12:9-35
	android:allowBackup
		ADDED from src\main\AndroidManifest.xml:9:9-35
	android:icon
		ADDED from src\main\AndroidManifest.xml:10:9-43
	android:theme
		ADDED from src\main\AndroidManifest.xml:13:9-40
	android:name
		ADDED from src\main\AndroidManifest.xml:8:9-32
activity#com.jiyun.qcloud.dashixummoban.main.MainActivity
ADDED from src\main\AndroidManifest.xml:14:9-20:20
	android:name
		ADDED from src\main\AndroidManifest.xml:14:19-52
intent-filter#android.intent.action.MAIN+android.intent.category.LAUNCHER
ADDED from src\main\AndroidManifest.xml:15:13-19:29
action#android.intent.action.MAIN
ADDED from src\main\AndroidManifest.xml:16:17-69
	android:name
		ADDED from src\main\AndroidManifest.xml:16:25-66
category#android.intent.category.LAUNCHER
ADDED from src\main\AndroidManifest.xml:18:17-77
	android:name
		ADDED from src\main\AndroidManifest.xml:18:27-74
activity#com.jiyun.qcloud.dashixummoban.ui.live.activity.VideoActivity
ADDED from src\main\AndroidManifest.xml:21:9-24:53
	android:screenOrientation
		ADDED from src\main\AndroidManifest.xml:24:13-50
	android:configChanges
		ADDED from src\main\AndroidManifest.xml:23:13-74
	android:name
		ADDED from src\main\AndroidManifest.xml:22:13-59
activity#com.jiyun.qcloud.dashixummoban.ui.live.activity.PlayVideoActivity
ADDED from src\main\AndroidManifest.xml:25:9-28:53
	android:screenOrientation
		ADDED from src\main\AndroidManifest.xml:28:13-50
	android:configChanges
		ADDED from src\main\AndroidManifest.xml:27:13-74
	android:name
		ADDED from src\main\AndroidManifest.xml:26:13-63
meta-data#design_width
ADDED from src\main\AndroidManifest.xml:30:9-32:35
	android:value
		ADDED from src\main\AndroidManifest.xml:32:13-32
	android:name
		ADDED from src\main\AndroidManifest.xml:31:13-40
meta-data#design_height
ADDED from src\main\AndroidManifest.xml:33:9-35:36
	android:value
		ADDED from src\main\AndroidManifest.xml:35:13-33
	android:name
		ADDED from src\main\AndroidManifest.xml:34:13-41
uses-sdk
INJECTED from src\main\AndroidManifest.xml reason: use-sdk injection requested
MERGED from [com.github.orhanobut:logger:1.12] AndroidManifest.xml:6:5-8:41
MERGED from [com.android.support:multidex:1.0.1] AndroidManifest.xml:18:5-42
MERGED from [com.chanven.lib:cptr:1.1.0] AndroidManifest.xml:7:5-9:41
MERGED from [com.jwenfeng.pulltorefresh:library:1.0.3] AndroidManifest.xml:7:5-9:41
MERGED from [com.youth.banner:banner:1.4.9] AndroidManifest.xml:7:5-9:41
MERGED from [com.jude:rollviewpager:1.2.9] AndroidManifest.xml:7:5-9:41
MERGED from [com.jcodecraeer:xrecyclerview:1.3.2] AndroidManifest.xml:7:5-9:41
MERGED from [com.android.support:design:23.4.0] AndroidManifest.xml:20:5-43
MERGED from [com.android.support:recyclerview-v7:23.4.0] AndroidManifest.xml:20:5-43
MERGED from [com.jakewharton:butterknife:8.4.0] AndroidManifest.xml:5:5-43
MERGED from [fm.jiecao:jiecaovideoplayer:2.0] AndroidManifest.xml:7:5-9:41
MERGED from [com.zhy:autolayout:1.4.5] AndroidManifest.xml:8:5-10:41
MERGED from [com.android.support:appcompat-v7:25.0.1] AndroidManifest.xml:21:5-23:78
MERGED from [com.android.support:support-v4:25.0.1] AndroidManifest.xml:21:5-23:54
MERGED from [com.android.support:support-fragment:25.0.1] AndroidManifest.xml:21:5-23:60
MERGED from [com.android.support:support-media-compat:25.0.1] AndroidManifest.xml:21:5-23:63
MERGED from [com.android.support:support-core-ui:25.0.1] AndroidManifest.xml:21:5-23:58
MERGED from [com.android.support:support-core-utils:25.0.1] AndroidManifest.xml:21:5-23:61
MERGED from [com.android.support:animated-vector-drawable:25.0.1] AndroidManifest.xml:20:5-44
MERGED from [com.android.support:support-vector-drawable:25.0.1] AndroidManifest.xml:21:5-43
MERGED from [com.android.support:support-compat:25.0.1] AndroidManifest.xml:21:5-23:58
	tools:overrideLibrary
		ADDED from [com.android.support:appcompat-v7:25.0.1] AndroidManifest.xml:23:9-75
	android:targetSdkVersion
		INJECTED from src\main\AndroidManifest.xml
		INJECTED from src\main\AndroidManifest.xml
	android:minSdkVersion
		INJECTED from src\main\AndroidManifest.xml
		INJECTED from src\main\AndroidManifest.xml
activity#fm.jiecao.jcvideoplayer_lib.JCFullScreenActivity
ADDED from [fm.jiecao:jiecaovideoplayer:2.0] AndroidManifest.xml:15:9-18:53
	android:screenOrientation
		ADDED from [fm.jiecao:jiecaovideoplayer:2.0] AndroidManifest.xml:18:13-50
	android:configChanges
		ADDED from [fm.jiecao:jiecaovideoplayer:2.0] AndroidManifest.xml:17:13-63
	android:name
		ADDED from [fm.jiecao:jiecaovideoplayer:2.0] AndroidManifest.xml:16:13-76